4495 is terminated at Fri Nov  4 23:20:44 2022
 
4522 is terminated at Fri Nov  4 23:20:59 2022
 
4522 is terminated at Fri Nov  4 23:20:59 2022
 
4525 is terminated at Fri Nov  4 23:21:20 2022
 
4525 is terminated at Fri Nov  4 23:21:20 2022
 
4530 is terminated at Fri Nov  4 23:21:43 2022
 
4530 is terminated at Fri Nov  4 23:21:43 2022
 
4667 is terminated at Fri Nov  4 23:30:22 2022
 
4668 is terminated at Fri Nov  4 23:30:29 2022
 
-1 is terminated at Fri Nov  4 23:46:09 2022
 
-1 is terminated at Fri Nov  4 23:46:37 2022
 
-1 is terminated at Fri Nov  4 23:53:17 2022
 
-1 is terminated at Sat Nov  5 00:39:54 2022
 
-1 is terminated at Sat Nov  5 00:44:05 2022
 
-1 is terminated at Sat Nov  5 00:45:16 2022
 
5651 is terminated at Sat Nov  5 01:02:35 2022
 
-1 is terminated at Sat Nov  5 01:03:46 2022
 
5814 is terminated at Sat Nov  5 01:18:53 2022
 
-1 is terminated at Sat Nov  5 01:18:53 2022
 
5860 is terminated at Sat Nov  5 01:21:52 2022
 
-1 is terminated at Sat Nov  5 01:21:52 2022
 
5895 is terminated at Sat Nov  5 01:23:51 2022
 
5896 is terminated at Sat Nov  5 01:23:51 2022
 
5926 is terminated at Sat Nov  5 01:28:25 2022
 
5927 is terminated at Sat Nov  5 01:28:25 2022
 
-1 is terminated at Sat Nov  5 01:28:29 2022
 
5930 is terminated at Sat Nov  5 01:28:40 2022
 
-1 is terminated at Sat Nov  5 01:28:40 2022
 
5942 is terminated at Sat Nov  5 01:29:06 2022
 
-1 is terminated at Sat Nov  5 01:29:06 2022
 
5951 is terminated at Sat Nov  5 01:30:09 2022
 
-1 is terminated at Sat Nov  5 01:30:09 2022
 
5954 is terminated at Sat Nov  5 01:30:27 2022
 
5955 is terminated at Sat Nov  5 01:30:27 2022
 
5964 is terminated at Sat Nov  5 01:32:10 2022
 
5965 is terminated at Sat Nov  5 01:32:10 2022
 
-1 is terminated at Sat Nov  5 01:32:10 2022
 
5978 is terminated at Sat Nov  5 01:33:16 2022
 
-1 is terminated at Sat Nov  5 01:33:16 2022
 
6013 is terminated at Sat Nov  5 01:38:31 2022
 
6014 is terminated at Sat Nov  5 01:38:31 2022
 
-1 is terminated at Sat Nov  5 01:38:31 2022
 
6024 is terminated at Sat Nov  5 01:39:32 2022
 
6025 is terminated at Sat Nov  5 01:39:32 2022
 
6033 is terminated at Sat Nov  5 01:40:16 2022
 
6034 is terminated at Sat Nov  5 01:40:16 2022
 
6035 is terminated at Sat Nov  5 01:40:16 2022
 
6036 is terminated at Sat Nov  5 01:40:16 2022
 
-1 is terminated at Sat Nov  5 01:40:16 2022
 
6048 is terminated at Sat Nov  5 01:43:14 2022
 
6049 is terminated at Sat Nov  5 01:43:14 2022
 
6050 is terminated at Sat Nov  5 01:43:14 2022
 
-1 is terminated at Sat Nov  5 01:43:14 2022
 
6054 is terminated at Sat Nov  5 01:44:11 2022
 
6055 is terminated at Sat Nov  5 01:44:11 2022
 
6056 is terminated at Sat Nov  5 01:44:11 2022
 
-1 is terminated at Sat Nov  5 01:44:11 2022
 
6066 is terminated at Sat Nov  5 01:47:21 2022
 
6067 is terminated at Sat Nov  5 01:47:21 2022
 
6068 is terminated at Sat Nov  5 01:47:21 2022
 
6069 is terminated at Sat Nov  5 01:47:21 2022
 
6076 is terminated at Sat Nov  5 01:48:06 2022
 
6077 is terminated at Sat Nov  5 01:48:06 2022
 
6089 is terminated at Sat Nov  5 01:49:26 2022
 
-1 is terminated at Sat Nov  5 01:49:26 2022
 
6102 is terminated at Sat Nov  5 01:51:07 2022
 
6103 is terminated at Sat Nov  5 01:51:07 2022
 
6104 is terminated at Sat Nov  5 01:51:07 2022
 
6139 is terminated at Sat Nov  5 01:57:31 2022
 
6140 is terminated at Sat Nov  5 01:57:31 2022
 
6149 is terminated at Sat Nov  5 01:58:38 2022
 
6148 is terminated at Sat Nov  5 01:58:38 2022
 
6150 is terminated at Sat Nov  5 01:58:38 2022
 
-1 is terminated at Sat Nov  5 01:58:38 2022
 
6202 is terminated at Sat Nov  5 02:03:00 2022
 
6203 is terminated at Sat Nov  5 02:03:00 2022
 
6204 is terminated at Sat Nov  5 02:04:42 2022
 
6213 is terminated at Sat Nov  5 02:04:42 2022
 
6214 is terminated at Sat Nov  5 02:04:42 2022
 
6246 is terminated at Sat Nov  5 02:08:02 2022
 
6247 is terminated at Sat Nov  5 02:08:02 2022
 
-1 is terminated at Sat Nov  5 02:08:02 2022
 
6256 is terminated at Sat Nov  5 02:08:39 2022
 
6255 is terminated at Sat Nov  5 02:08:39 2022
 
6257 is terminated at Sat Nov  5 02:08:39 2022
 
-1 is terminated at Sat Nov  5 02:08:39 2022
 
6260 is terminated at Sat Nov  5 02:09:08 2022
 
6261 is terminated at Sat Nov  5 02:09:08 2022
 
-1 is terminated at Sat Nov  5 02:09:08 2022
 
6296 is terminated at Sat Nov  5 02:14:21 2022
 
6297 is terminated at Sat Nov  5 02:14:21 2022
 
6298 is terminated at Sat Nov  5 02:14:21 2022
 
6299 is terminated at Sat Nov  5 02:14:21 2022
 
6494 is terminated at Sat Nov  5 02:41:44 2022
 
6495 is terminated at Sat Nov  5 02:41:44 2022
 
2443 is terminated at Sat Nov  5 11:28:20 2022
 
2458 is terminated at Sat Nov  5 11:29:47 2022
 
2459 is terminated at Sat Nov  5 11:29:47 2022
 
2483 is terminated at Sat Nov  5 11:30:47 2022
 
2484 is terminated at Sat Nov  5 11:30:47 2022
 
2485 is terminated at Sat Nov  5 11:30:47 2022
 
2491 is terminated at Sat Nov  5 11:31:02 2022
 
2492 is terminated at Sat Nov  5 11:31:02 2022
 
2496 is terminated at Sat Nov  5 11:31:37 2022
 
2497 is terminated at Sat Nov  5 11:31:37 2022
 
2498 is terminated at Sat Nov  5 11:34:53 2022
 
2504 is terminated at Sat Nov  5 11:34:53 2022
 
2505 is terminated at Sat Nov  5 11:34:53 2022
 
2506 is terminated at Sat Nov  5 11:34:53 2022
 
2507 is terminated at Sat Nov  5 11:35:20 2022
 
2510 is terminated at Sat Nov  5 11:35:20 2022
 
2511 is terminated at Sat Nov  5 11:35:20 2022
 
2512 is terminated at Sat Nov  5 11:35:20 2022
 
2513 is terminated at Sat Nov  5 11:36:08 2022
 
2520 is terminated at Sat Nov  5 11:36:08 2022
 
2521 is terminated at Sat Nov  5 11:36:08 2022
 
2640 is terminated at Sat Nov  5 11:36:28 2022
 
2642 is terminated at Sat Nov  5 11:36:28 2022
 
2641 is terminated at Sat Nov  5 11:36:28 2022
 
2866 is terminated at Sat Nov  5 11:37:50 2022
 
2867 is terminated at Sat Nov  5 11:37:50 2022
 
2868 is terminated at Sat Nov  5 11:37:50 2022
 
-1 is terminated at Sat Nov  5 11:37:50 2022
 
2891 is terminated at Sat Nov  5 11:41:07 2022
 
2893 is terminated at Sat Nov  5 11:41:20 2022
 
2894 is terminated at Sat Nov  5 11:41:20 2022
 
2895 is terminated at Sat Nov  5 11:41:20 2022
 
2898 is terminated at Sat Nov  5 11:41:36 2022
 
2897 is terminated at Sat Nov  5 11:41:36 2022
 
2899 is terminated at Sat Nov  5 11:41:36 2022
 
2900 is terminated at Sat Nov  5 11:41:36 2022
 
3260 is terminated at Sat Nov  5 11:43:52 2022
 
3259 is terminated at Sat Nov  5 11:43:52 2022
 
3261 is terminated at Sat Nov  5 11:43:52 2022
 
3262 is terminated at Sat Nov  5 11:43:52 2022
 
3308 is terminated at Sat Nov  5 11:50:26 2022
 
3309 is terminated at Sat Nov  5 11:50:26 2022
 
3310 is terminated at Sat Nov  5 11:50:26 2022
 
-1 is terminated at Sat Nov  5 11:50:26 2022
 
4802 is terminated at Sat Nov  5 12:12:06 2022
 
4803 is terminated at Sat Nov  5 12:12:06 2022
 
4804 is terminated at Sat Nov  5 12:12:06 2022
 
-1 is terminated at Sun Nov  6 02:28:27 2022
 
-1 is terminated at Sun Nov  6 02:29:07 2022
 
-1 is terminated at Sun Nov  6 02:29:22 2022
 
-1 is terminated at Sun Nov  6 02:30:30 2022
 
-1 is terminated at Sun Nov  6 02:30:46 2022
 
-1 is terminated at Sun Nov  6 02:31:34 2022
 
-1 is terminated at Sun Nov  6 02:38:16 2022
 
3268 is terminated at Sun Nov  6 02:47:31 2022
 
3269 is terminated at Sun Nov  6 02:47:31 2022
 
-1 is terminated at Sun Nov  6 02:47:31 2022
 
-1 is terminated at Sun Nov  6 02:50:24 2022
 
-1 is terminated at Sun Nov  6 02:50:58 2022
 
-1 is terminated at Sun Nov  6 02:51:26 2022
 
-1 is terminated at Sun Nov  6 02:51:57 2022
 
-1 is terminated at Sun Nov  6 02:56:00 2022
 
-1 is terminated at Sun Nov  6 03:03:23 2022
 
-1 is terminated at Sun Nov  6 03:08:03 2022
 
-1 is terminated at Sun Nov  6 03:11:37 2022
 
3619 is terminated at Sun Nov  6 03:12:21 2022
 
3620 is terminated at Sun Nov  6 03:12:21 2022
 
3621 is terminated at Sun Nov  6 03:12:29 2022
 
-1 is terminated at Sun Nov  6 03:17:52 2022
 
-1 is terminated at Sun Nov  6 03:20:25 2022
 
-1 is terminated at Sun Nov  6 03:24:30 2022
 
-1 is terminated at Sun Nov  6 03:26:10 2022
 
-1 is terminated at Sun Nov  6 03:31:48 2022
 
-1 is terminated at Sun Nov  6 03:32:39 2022
 
-1 is terminated at Sun Nov  6 03:35:09 2022
 
-1 is terminated at Sun Nov  6 03:36:04 2022
 
-1 is terminated at Sun Nov  6 03:38:03 2022
 
-1 is terminated at Sun Nov  6 03:44:54 2022
 
-1 is terminated at Sun Nov  6 03:46:19 2022
 
-1 is terminated at Sun Nov  6 03:47:00 2022
 
-1 is terminated at Sun Nov  6 03:51:02 2022
 
-1 is terminated at Sun Nov  6 03:51:21 2022
 
-1 is terminated at Sun Nov  6 03:52:01 2022
 
-1 is terminated at Sun Nov  6 03:52:46 2022
 
-1 is terminated at Sun Nov  6 03:53:48 2022
 
-1 is terminated at Sun Nov  6 03:56:07 2022
 
-1 is terminated at Sun Nov  6 03:56:59 2022
 
-1 is terminated at Sun Nov  6 03:57:41 2022
 
-1 is terminated at Sun Nov  6 03:58:56 2022
 
-1 is terminated at Sun Nov  6 03:59:18 2022
 
-1 is terminated at Sun Nov  6 04:00:24 2022
 
-1 is terminated at Sun Nov  6 04:02:12 2022
 
-1 is terminated at Sun Nov  6 04:02:43 2022
 
4855 is terminated at Sun Nov  6 04:03:05 2022
 
4856 is terminated at Sun Nov  6 04:03:05 2022
 
4857 is terminated at Sun Nov  6 04:03:05 2022
 
